<?xml version="1.0" encoding="UTF-8"?>
<!-- Generated by org.testng.reporters.JUnitReportReporter -->
<testsuite hostname="DESKTOP-7R54CV9" failures="0" tests="6" name="com.mystore.testcases.TS01_RegistrationFunctionalityTest" time="14.348" errors="0" timestamp="2023-01-08T17:08:58 IST" skipped="0">
  <testcase classname="com.mystore.testcases.TS01_RegistrationFunctionalityTest" name="verifyUserRegistration" time="4.642"/>
  <system-out/>
  <testcase classname="com.mystore.testcases.TS01_RegistrationFunctionalityTest" name="verifyFirstnameWithBlankData" time="2.003"/>
  <system-out/>
  <testcase classname="com.mystore.testcases.TS01_RegistrationFunctionalityTest" name="verifylastnameWithBlankData" time="1.900"/>
  <system-out/>
  <testcase classname="com.mystore.testcases.TS01_RegistrationFunctionalityTest" name="verifyEmailWithBlankData" time="1.871"/>
  <system-out/>
  <testcase classname="com.mystore.testcases.TS01_RegistrationFunctionalityTest" name="verifyPasswordWithBlankData" time="1.931"/>
  <system-out/>
  <testcase classname="com.mystore.testcases.TS01_RegistrationFunctionalityTest" name="verifyConfirmPasswordWithBlankData" time="2.001"/>
  <system-out/>
</testsuite> <!-- com.mystore.testcases.TS01_RegistrationFunctionalityTest -->
