<?xml version="1.0" encoding="UTF-8"?>
<!-- Generated by org.testng.reporters.JUnitReportReporter -->
<testsuite hostname="DESKTOP-7R54CV9" failures="0" tests="5" name="com.mystore.testcases.TS02_LoginFunctionality" time="10.676" errors="0" timestamp="2023-01-06T16:05:03 IST" skipped="0">
  <testcase classname="com.mystore.testcases.TS02_LoginFunctionality" name="verifyLoginWithValidData" time="4.933"/>
  <system-out/>
  <testcase classname="com.mystore.testcases.TS02_LoginFunctionality" name="verifyLoginWithInvalidData" time="1.554"/>
  <system-out/>
  <testcase classname="com.mystore.testcases.TS02_LoginFunctionality" name="verifyLoginWithInvalidDataWithValidEmailOnly" time="1.697"/>
  <system-out/>
  <testcase classname="com.mystore.testcases.TS02_LoginFunctionality" name="verifyLoginWithInvalidDataWithValidPasswordOnly" time="1.564"/>
  <system-out/>
  <testcase classname="com.mystore.testcases.TS02_LoginFunctionality" name="verifyLoginWithBlankDataInEmailField" time="0.928"/>
  <system-out/>
</testsuite> <!-- com.mystore.testcases.TS02_LoginFunctionality -->
